<?xml version="1.0" encoding="UTF-8"?>
<!-- Generated by org.testng.reporters.JUnitReportReporter -->
<testsuite hostname="DESKTOP-GCHVIFO" failures="0" tests="5" name="org.test.Test01" time="0.015" errors="0" timestamp="22 Apr 2022 17:58:26 GMT" skipped="0">
  <testcase classname="org.test.Test01" name="test05" time="0.000"/>
  <testcase classname="org.test.Test01" name="test03" time="0.000"/>
  <testcase classname="org.test.Test01" name="test02" time="0.000"/>
  <testcase classname="org.test.Test01" name="test04" time="0.000"/>
  <testcase classname="org.test.Test01" name="test01" time="0.015"/>
</testsuite> <!-- org.test.Test01 -->
