<?xml version="1.0" encoding="UTF-8"?>
<!-- Generated by org.testng.reporters.JUnitReportReporter -->
<testsuite hostname="DESKTOP-GCHVIFO" failures="0" tests="5" name="TestNG" time="0.110" errors="0" timestamp="22 Apr 2022 17:38:27 GMT" skipped="0">
  <testcase classname="TestNG" name="test03" time="0.031"/>
  <testcase classname="TestNG" name="test02" time="0.000"/>
  <testcase classname="TestNG" name="test01" time="0.032"/>
  <testcase classname="TestNG" name="test05" time="0.047"/>
  <testcase classname="TestNG" name="test04" time="0.000"/>
</testsuite> <!-- TestNG -->
