<?xml version="1.0" encoding="UTF-8"?>
<!-- Generated by org.testng.reporters.JUnitReportReporter -->
<testsuite hostname="DESKTOP-GCHVIFO" failures="0" tests="1" name="org.test.Test3" time="0.063" errors="0" timestamp="22 Apr 2022 18:04:56 GMT" skipped="0">
  <testcase classname="org.test.Test3" name="test01" time="0.063"/>
</testsuite> <!-- org.test.Test3 -->
